#
# There is insufficient memory for the Java Runtime Environment to continue.
# Native memory allocation (malloc) failed to allocate 1287120 bytes. Error detail: Chunk::new
# Possible reasons:
#   The system is out of physical RAM or swap space
#   This process is running with CompressedOops enabled, and the Java Heap may be blocking the growth of the native heap
# Possible solutions:
#   Reduce memory load on the system
#   Increase physical memory or swap space
#   Check if swap backing store is full
#   Decrease Java heap size (-Xmx/-Xms)
#   Decrease number of Java threads
#   Decrease Java thread stack sizes (-Xss)
#   Set larger code cache with -XX:ReservedCodeCacheSize=
#   JVM is running with Unscaled Compressed Oops mode in which the Java heap is
#     placed in the first 4GB address space. The Java Heap base address is the
#     maximum limit for the native heap growth. Please use -XX:HeapBaseMinAddress
#     to set the Java Heap base and to place the Java Heap above 4GB virtual address.
# This output file may be truncated or incomplete.
#
#  Out of Memory Error (arena.cpp:162), pid=1580, tid=22428
#
# JRE version: OpenJDK Runtime Environment (24.0.2+12) (build 24.0.2+12-54)
# Java VM: OpenJDK 64-Bit Server VM (24.0.2+12-54, mixed mode, sharing, tiered, compressed oops, compressed class ptrs, g1 gc, windows-amd64)
# No core dump will be written. Minidumps are not enabled by default on client versions of Windows
#

---------------  S U M M A R Y ------------

Command Line: -javaagent:C:\Program Files\JetBrains\IntelliJ IDEA Community Edition 2024.3.4.1\lib\idea_rt.jar=52523 -Dfile.encoding=UTF-8 -Dsun.stdout.encoding=UTF-8 -Dsun.stderr.encoding=UTF-8 com.example.Sox.SoxApplicationKt

Host: 11th Gen Intel(R) Core(TM) i3-1115G4 @ 3.00GHz, 4 cores, 7G,  Windows 11 , 64 bit Build 26100 (10.0.26100.5074)
Time: Wed Oct  1 11:57:45 2025 Hora est. Pacífico, Sudamérica elapsed time: 11880.252167 seconds (0d 3h 18m 0s)

---------------  T H R E A D  ---------------

Current thread (0x000001c0ff4f65a0):  JavaThread "C2 CompilerThread0" daemon [_thread_in_native, id=22428, stack(0x000000b8c8000000,0x000000b8c8100000) (1024K)]


Current CompileTask:
C2:11880252 6243       4       org.springframework.core.annotation.MergedAnnotations::from (11 bytes)

Stack: [0x000000b8c8000000,0x000000b8c8100000]
Native frames: (J=compiled Java code, j=interpreted, Vv=VM code, C=native code)
V  [jvm.dll+0x730829]  (no source info available)
V  [jvm.dll+0x8d9da3]  (no source info available)
V  [jvm.dll+0x8dc28d]  (no source info available)
V  [jvm.dll+0x8dc903]  (no source info available)
V  [jvm.dll+0x2a9f56]  (no source info available)
V  [jvm.dll+0xced7f]  (no source info available)
V  [jvm.dll+0xcefdf]  (no source info available)
V  [jvm.dll+0x154c83]  (no source info available)
V  [jvm.dll+0x73604f]  (no source info available)
V  [jvm.dll+0x26f8dc]  (no source info available)
V  [jvm.dll+0x26e8ff]  (no source info available)
V  [jvm.dll+0x1e9c90]  (no source info available)
V  [jvm.dll+0x27e0cb]  (no source info available)
V  [jvm.dll+0x27c36a]  (no source info available)
V  [jvm.dll+0x42f396]  (no source info available)
V  [jvm.dll+0x87d9eb]  (no source info available)
V  [jvm.dll+0x72ef45]  (no source info available)
C  [ucrtbase.dll+0x37b0]  (no source info available)
C  [KERNEL32.DLL+0x2e8d7]  (no source info available)
C  [ntdll.dll+0x8d9c]  (no source info available)

Lock stack of current Java thread (top to bottom):


---------------  P R O C E S S  ---------------

Threads class SMR info:
_java_thread_list=0x000001c0e3a40330, length=29, elements={
0x000001c0ff4eb0d0, 0x000001c0ff4ec9e0, 0x000001c0ff4f0300, 0x000001c0ff4f0f20,
0x000001c0ff4f2410, 0x000001c0ff4f3290, 0x000001c0ff4f65a0, 0x000001c0ff50a090,
0x000001c09b863b40, 0x000001c09b88bc40, 0x000001c09b9b40f0, 0x000001c0e2774250,
0x000001c0e2775840, 0x000001c0e27766e0, 0x000001c0e27749a0, 0x000001c0e2775f90,
0x000001c0e2776e30, 0x000001c0e2773b00, 0x000001c0e109a320, 0x000001c0e109c7b0,
0x000001c0e109c060, 0x000001c0e109aa70, 0x000001c0e109b1c0, 0x000001c0e1099480,
0x000001c0e109b910, 0x000001c0e109cf00, 0x000001c0e1099bd0, 0x000001c0e10a0230,
0x000001c0e109fae0
}

Java Threads: ( => current thread )
  0x000001c0ff4eb0d0 JavaThread "Reference Handler"          daemon [_thread_blocked, id=18256, stack(0x000000b8c7a00000,0x000000b8c7b00000) (1024K)]
  0x000001c0ff4ec9e0 JavaThread "Finalizer"                  daemon [_thread_blocked, id=8156, stack(0x000000b8c7b00000,0x000000b8c7c00000) (1024K)]
  0x000001c0ff4f0300 JavaThread "Signal Dispatcher"          daemon [_thread_blocked, id=13956, stack(0x000000b8c7c00000,0x000000b8c7d00000) (1024K)]
  0x000001c0ff4f0f20 JavaThread "Attach Listener"            daemon [_thread_blocked, id=18616, stack(0x000000b8c7d00000,0x000000b8c7e00000) (1024K)]
  0x000001c0ff4f2410 JavaThread "Service Thread"             daemon [_thread_blocked, id=8320, stack(0x000000b8c7e00000,0x000000b8c7f00000) (1024K)]
  0x000001c0ff4f3290 JavaThread "Monitor Deflation Thread"   daemon [_thread_blocked, id=3372, stack(0x000000b8c7f00000,0x000000b8c8000000) (1024K)]
=>0x000001c0ff4f65a0 JavaThread "C2 CompilerThread0"         daemon [_thread_in_native, id=22428, stack(0x000000b8c8000000,0x000000b8c8100000) (1024K)]
  0x000001c0ff50a090 JavaThread "C1 CompilerThread0"         daemon [_thread_blocked, id=9528, stack(0x000000b8c8100000,0x000000b8c8200000) (1024K)]
  0x000001c09b863b40 JavaThread "Common-Cleaner"             daemon [_thread_blocked, id=13500, stack(0x000000b8c8200000,0x000000b8c8300000) (1024K)]
  0x000001c09b88bc40 JavaThread "Monitor Ctrl-Break"         daemon [_thread_in_native, id=18220, stack(0x000000b8c8300000,0x000000b8c8400000) (1024K)]
  0x000001c09b9b40f0 JavaThread "Notification Thread"        daemon [_thread_blocked, id=14216, stack(0x000000b8c8400000,0x000000b8c8500000) (1024K)]
  0x000001c0e2774250 JavaThread "Catalina-utility-1"                [_thread_blocked, id=11544, stack(0x000000b8c8800000,0x000000b8c8900000) (1024K)]
  0x000001c0e2775840 JavaThread "Catalina-utility-2"                [_thread_blocked, id=19936, stack(0x000000b8c8a00000,0x000000b8c8b00000) (1024K)]
  0x000001c0e27766e0 JavaThread "container-0"                       [_thread_blocked, id=8628, stack(0x000000b8c8b00000,0x000000b8c8c00000) (1024K)]
  0x000001c0e27749a0 JavaThread "mysql-cj-abandoned-connection-cleanup" daemon [_thread_blocked, id=20436, stack(0x000000b8c8c00000,0x000000b8c8d00000) (1024K)]
  0x000001c0e2775f90 JavaThread "http-nio-8080-exec-1"       daemon [_thread_blocked, id=13852, stack(0x000000b8c8d00000,0x000000b8c8e00000) (1024K)]
  0x000001c0e2776e30 JavaThread "http-nio-8080-exec-2"       daemon [_thread_blocked, id=13880, stack(0x000000b8c8e00000,0x000000b8c8f00000) (1024K)]
  0x000001c0e2773b00 JavaThread "http-nio-8080-exec-3"       daemon [_thread_blocked, id=16124, stack(0x000000b8c8f00000,0x000000b8c9000000) (1024K)]
  0x000001c0e109a320 JavaThread "http-nio-8080-exec-4"       daemon [_thread_blocked, id=2148, stack(0x000000b8c9000000,0x000000b8c9100000) (1024K)]
  0x000001c0e109c7b0 JavaThread "http-nio-8080-exec-5"       daemon [_thread_in_Java, id=21808, stack(0x000000b8c9100000,0x000000b8c9200000) (1024K)]
  0x000001c0e109c060 JavaThread "http-nio-8080-exec-6"       daemon [_thread_blocked, id=6508, stack(0x000000b8c9200000,0x000000b8c9300000) (1024K)]
  0x000001c0e109aa70 JavaThread "http-nio-8080-exec-7"       daemon [_thread_blocked, id=22792, stack(0x000000b8c9300000,0x000000b8c9400000) (1024K)]
  0x000001c0e109b1c0 JavaThread "http-nio-8080-exec-8"       daemon [_thread_blocked, id=8240, stack(0x000000b8c9400000,0x000000b8c9500000) (1024K)]
  0x000001c0e1099480 JavaThread "http-nio-8080-exec-9"       daemon [_thread_blocked, id=7496, stack(0x000000b8c9500000,0x000000b8c9600000) (1024K)]
  0x000001c0e109b910 JavaThread "http-nio-8080-exec-10"      daemon [_thread_blocked, id=19592, stack(0x000000b8c9600000,0x000000b8c9700000) (1024K)]
  0x000001c0e109cf00 JavaThread "http-nio-8080-Poller"       daemon [_thread_in_native, id=15088, stack(0x000000b8c9700000,0x000000b8c9800000) (1024K)]
  0x000001c0e1099bd0 JavaThread "http-nio-8080-Acceptor"     daemon [_thread_in_native, id=13184, stack(0x000000b8c9800000,0x000000b8c9900000) (1024K)]
  0x000001c0e10a0230 JavaThread "DestroyJavaVM"                     [_thread_blocked, id=17324, stack(0x000000b8c7200000,0x000000b8c7300000) (1024K)]
  0x000001c0e109fae0 JavaThread "HikariPool-1 housekeeper"   daemon [_thread_blocked, id=22804, stack(0x000000b8c9900000,0x000000b8c9a00000) (1024K)]
Total: 29

Other Threads:
  0x000001c0ff4dead0 VMThread "VM Thread"                           [id=4284, stack(0x000000b8c7900000,0x000000b8c7a00000) (1024K)]
  0x000001c0ff4cd4a0 WatcherThread "VM Periodic Task Thread"        [id=17708, stack(0x000000b8c7800000,0x000000b8c7900000) (1024K)]
  0x000001c0fe6f58b0 WorkerThread "GC Thread#0"                     [id=20972, stack(0x000000b8c7300000,0x000000b8c7400000) (1024K)]
  0x000001c0e18c50d0 WorkerThread "GC Thread#1"                     [id=23536, stack(0x000000b8c8500000,0x000000b8c8600000) (1024K)]
  0x000001c0e18c5480 WorkerThread "GC Thread#2"                     [id=14040, stack(0x000000b8c8600000,0x000000b8c8700000) (1024K)]
  0x000001c0e1f1a6a0 WorkerThread "GC Thread#3"                     [id=3776, stack(0x000000b8c8900000,0x000000b8c8a00000) (1024K)]
  0x000001c0fe709d20 ConcurrentGCThread "G1 Main Marker"            [id=2744, stack(0x000000b8c7400000,0x000000b8c7500000) (1024K)]
  0x000001c0fe70a830 WorkerThread "G1 Conc#0"                       [id=23400, stack(0x000000b8c7500000,0x000000b8c7600000) (1024K)]
  0x000001c0fe75ead0 ConcurrentGCThread "G1 Refine#0"               [id=17176, stack(0x000000b8c7600000,0x000000b8c7700000) (1024K)]
  0x000001c0ff394820 ConcurrentGCThread "G1 Service"                [id=3300, stack(0x000000b8c7700000,0x000000b8c7800000) (1024K)]
Total: 10

Threads with active compile tasks:
C2 CompilerThread0  11880582 6243       4       org.springframework.core.annotation.MergedAnnotations::from (11 bytes)
Total: 1

VM state: not at safepoint (normal execution)

VM Mutex/Monitor currently owned by a thread: None

Heap address: 0x0000000084c00000, size: 1972 MB, Compressed Oops mode: 32-bit

CDS archive(s) mapped at: [0x000001c09c000000-0x000001c09cd40000-0x000001c09cd40000), size 13893632, SharedBaseAddress: 0x000001c09c000000, ArchiveRelocationMode: 1.
Compressed class space mapped at: 0x000001c09d000000-0x000001c0dd000000, reserved size: 1073741824
UseCompressedClassPointers 1, UseCompactObjectHeaders 0
Narrow klass pointer bits 32, Max shift 3
Narrow klass base: 0x000001c09c000000, Narrow klass shift: 0
Encoding Range: [0x000001c09c000000 - 0x000001c19c000000), (4294967296 bytes)
Klass Range:    [0x000001c09c000000 - 0x000001c0dd000000), (1090519040 bytes)
Klass ID Range:  [8 - 1090519033) (1090519025)

GC Precious Log:
 CardTable entry size: 512
 Card Set container configuration: InlinePtr #cards 5 size 8 Array Of Cards #cards 10 size 36 Howl #buckets 4 coarsen threshold 1843 Howl Bitmap #cards 512 size 80 coarsen threshold 460 Card regions per heap region 1 cards per card region 2048
 CPUs: 4 total, 4 available
 Memory: 7886M
 Large Page Support: Disabled
 NUMA Support: Disabled
 Compressed Oops: Enabled (32-bit)
 Heap Region Size: 1M
 Heap Min Capacity: 8M
 Heap Initial Capacity: 124M
 Heap Max Capacity: 1972M
 Pre-touch: Disabled
 Parallel Workers: 4
 Concurrent Workers: 1
 Concurrent Refinement Workers: 4
 Periodic GC: Disabled

Heap:
 garbage-first heap   total reserved 2019328K, committed 40960K, used 30913K [0x0000000084c00000, 0x0000000100000000)
  region size 1024K, 9 young (9216K), 2 survivors (2048K)
 Metaspace       used 44229K, committed 44608K, reserved 1114112K
  class space    used 4436K, committed 4608K, reserved 1048576K

Heap Regions: E=young(eden), S=young(survivor), O=old, HS=humongous(starts), HC=humongous(continues), CS=collection set, F=free, TAMS=top-at-mark-start, PB=parsable bottom
|   0|0x0000000084c00000, 0x0000000084d00000, 0x0000000084d00000|100%| O|  |TAMS 0x0000000084c00000| PB 0x0000000084c00000| Untracked |  0
|   1|0x0000000084d00000, 0x0000000084e00000, 0x0000000084e00000|100%| O|  |TAMS 0x0000000084d00000| PB 0x0000000084d00000| Untracked |  0
|   2|0x0000000084e00000, 0x0000000084f00000, 0x0000000084f00000|100%| O|  |TAMS 0x0000000084e00000| PB 0x0000000084e00000| Untracked |  0
|   3|0x0000000084f00000, 0x0000000085000000, 0x0000000085000000|100%| O|  |TAMS 0x0000000084f00000| PB 0x0000000084f00000| Untracked |  0
|   4|0x0000000085000000, 0x0000000085100000, 0x0000000085100000|100%| O|  |TAMS 0x0000000085000000| PB 0x0000000085000000| Untracked |  0
|   5|0x0000000085100000, 0x0000000085200000, 0x0000000085200000|100%| O|  |TAMS 0x0000000085100000| PB 0x0000000085100000| Untracked |  0
|   6|0x0000000085200000, 0x0000000085300000, 0x0000000085300000|100%| O|  |TAMS 0x0000000085200000| PB 0x0000000085200000| Untracked |  0
|   7|0x0000000085300000, 0x0000000085400000, 0x0000000085400000|100%| O|  |TAMS 0x0000000085300000| PB 0x0000000085300000| Untracked |  0
|   8|0x0000000085400000, 0x0000000085500000, 0x0000000085500000|100%| O|Cm|TAMS 0x0000000085400000| PB 0x0000000085400000| Complete |  0
|   9|0x0000000085500000, 0x0000000085600000, 0x0000000085600000|100%| O|  |TAMS 0x0000000085500000| PB 0x0000000085500000| Untracked |  0
|  10|0x0000000085600000, 0x0000000085700000, 0x0000000085700000|100%| O|Cm|TAMS 0x0000000085600000| PB 0x0000000085600000| Complete |  0
|  11|0x0000000085700000, 0x0000000085800000, 0x0000000085800000|100%| O|Cm|TAMS 0x0000000085700000| PB 0x0000000085700000| Complete |  0
|  12|0x0000000085800000, 0x0000000085900000, 0x0000000085900000|100%| O|Cm|TAMS 0x0000000085800000| PB 0x0000000085800000| Complete |  0
|  13|0x0000000085900000, 0x0000000085a00000, 0x0000000085a00000|100%| O|Cm|TAMS 0x0000000085900000| PB 0x0000000085900000| Complete |  0
|  14|0x0000000085a00000, 0x0000000085b00000, 0x0000000085b00000|100%| O|  |TAMS 0x0000000085a00000| PB 0x0000000085a00000| Untracked |  0
|  15|0x0000000085b00000, 0x0000000085c00000, 0x0000000085c00000|100%| O|  |TAMS 0x0000000085b00000| PB 0x0000000085b00000| Untracked |  0
|  16|0x0000000085c00000, 0x0000000085d00000, 0x0000000085d00000|100%| O|Cm|TAMS 0x0000000085c00000| PB 0x0000000085c00000| Complete |  0
|  17|0x0000000085d00000, 0x0000000085e00000, 0x0000000085e00000|100%| O|Cm|TAMS 0x0000000085d00000| PB 0x0000000085d00000| Complete |  0
|  18|0x0000000085e00000, 0x0000000085f00000, 0x0000000085f00000|100%| O|  |TAMS 0x0000000085e00000| PB 0x0000000085e00000| Untracked |  0
|  19|0x0000000085f00000, 0x0000000086000000, 0x0000000086000000|100%| O|  |TAMS 0x0000000085f00000| PB 0x0000000085f00000| Untracked |  0
|  20|0x0000000086000000, 0x0000000086100000, 0x0000000086100000|100%| O|  |TAMS 0x0000000086000000| PB 0x0000000086000000| Untracked |  0
|  21|0x0000000086100000, 0x00000000861fc8d8, 0x0000000086200000| 98%| O|  |TAMS 0x0000000086100000| PB 0x0000000086100000| Untracked |  0
|  22|0x0000000086200000, 0x0000000086200000, 0x0000000086300000|  0%| F|  |TAMS 0x0000000086200000| PB 0x0000000086200000| Untracked |  0
|  23|0x0000000086300000, 0x0000000086300000, 0x0000000086400000|  0%| F|  |TAMS 0x0000000086300000| PB 0x0000000086300000| Untracked |  0
|  24|0x0000000086400000, 0x0000000086400000, 0x0000000086500000|  0%| F|  |TAMS 0x0000000086400000| PB 0x0000000086400000| Untracked |  0
|  25|0x0000000086500000, 0x0000000086500000, 0x0000000086600000|  0%| F|  |TAMS 0x0000000086500000| PB 0x0000000086500000| Untracked |  0
|  26|0x0000000086600000, 0x0000000086600000, 0x0000000086700000|  0%| F|  |TAMS 0x0000000086600000| PB 0x0000000086600000| Untracked |  0
|  27|0x0000000086700000, 0x0000000086700000, 0x0000000086800000|  0%| F|  |TAMS 0x0000000086700000| PB 0x0000000086700000| Untracked |  0
|  28|0x0000000086800000, 0x0000000086833b28, 0x0000000086900000| 20%| S|CS|TAMS 0x0000000086800000| PB 0x0000000086800000| Complete |  0
|  29|0x0000000086900000, 0x0000000086a00000, 0x0000000086a00000|100%| S|CS|TAMS 0x0000000086900000| PB 0x0000000086900000| Complete |  0
|  30|0x0000000086a00000, 0x0000000086a00000, 0x0000000086b00000|  0%| F|  |TAMS 0x0000000086a00000| PB 0x0000000086a00000| Untracked |  0
|  31|0x0000000086b00000, 0x0000000086b00000, 0x0000000086c00000|  0%| F|  |TAMS 0x0000000086b00000| PB 0x0000000086b00000| Untracked |  0
|  32|0x0000000086c00000, 0x0000000086c23d88, 0x0000000086d00000| 14%| E|  |TAMS 0x0000000086c00000| PB 0x0000000086c00000| Complete |  0
|  67|0x0000000088f00000, 0x0000000089000000, 0x0000000089000000|100%| E|CS|TAMS 0x0000000088f00000| PB 0x0000000088f00000| Complete |  0
|  68|0x0000000089000000, 0x0000000089100000, 0x0000000089100000|100%| E|CS|TAMS 0x0000000089000000| PB 0x0000000089000000| Complete |  0
|  69|0x0000000089100000, 0x0000000089200000, 0x0000000089200000|100%| E|CS|TAMS 0x0000000089100000| PB 0x0000000089100000| Complete |  0
|  70|0x0000000089200000, 0x0000000089300000, 0x0000000089300000|100%| E|CS|TAMS 0x0000000089200000| PB 0x0000000089200000| Complete |  0
| 123|0x000000008c700000, 0x000000008c800000, 0x000000008c800000|100%| E|CS|TAMS 0x000000008c700000| PB 0x000000008c700000| Complete |  0
|1970|0x00000000ffe00000, 0x00000000fff00000, 0x00000000fff00000|100%| O|  |TAMS 0x00000000ffe00000| PB 0x00000000ffe00000| Untracked |  0
|1971|0x00000000fff00000, 0x0000000100000000, 0x0000000100000000|100%| E|CS|TAMS 0x00000000fff00000| PB 0x00000000fff00000| Complete |  0

Card table byte_map: [0x000001c0feb40000,0x000001c0fef20000] _byte_map_base: 0x000001c0fe71a000

Marking Bits: (CMBitMap*) 0x000001c0fe6f5fc0
 Bits: [0x000001c0977e0000, 0x000001c0996b0000)

Polling page: 0x000001c0fc700000

Metaspace:

Usage:
  Non-class:     38.86 MB used.
      Class:      4.33 MB used.
       Both:     43.19 MB used.

Virtual space:
  Non-class space:       64.00 MB reserved,      39.06 MB ( 61%) committed,  1 nodes.
      Class space:        1.00 GB reserved,       4.50 MB ( <1%) committed,  1 nodes.
             Both:        1.06 GB reserved,      43.56 MB (  4%) committed. 

Chunk freelists:
   Non-Class:  8.44 MB
       Class:  11.38 MB
        Both:  19.82 MB

MaxMetaspaceSize: unlimited
CompressedClassSpaceSize: 1.00 GB
Initial GC threshold: 21.00 MB
Current GC threshold: 69.50 MB
CDS: on
 - commit_granule_bytes: 65536.
 - commit_granule_words: 8192.
 - virtual_space_node_default_size: 8388608.
 - enlarge_chunks_in_place: 1.
UseCompressedClassPointers 1, UseCompactObjectHeaders 0
Narrow klass pointer bits 32, Max shift 3
Narrow klass base: 0x000001c09c000000, Narrow klass shift: 0
Encoding Range: [0x000001c09c000000 - 0x000001c19c000000), (4294967296 bytes)
Klass Range:    [0x000001c09c000000 - 0x000001c0dd000000), (1090519040 bytes)
Klass ID Range:  [8 - 1090519033) (1090519025)


Internal statistics:

num_allocs_failed_limit: 3.
num_arena_births: 518.
num_arena_deaths: 112.
num_vsnodes_births: 2.
num_vsnodes_deaths: 0.
num_space_committed: 696.
num_space_uncommitted: 0.
num_chunks_returned_to_freelist: 120.
num_chunks_taken_from_freelist: 2136.
num_chunk_merges: 23.
num_chunk_splits: 1481.
num_chunks_enlarged: 1191.
num_inconsistent_stats: 0.

CodeHeap 'non-profiled nmethods': size=120064Kb used=2588Kb max_used=2601Kb free=117476Kb
 bounds [0x000001c0902a0000, 0x000001c090540000, 0x000001c0977e0000]
CodeHeap 'profiled nmethods': size=120000Kb used=8898Kb max_used=9169Kb free=111101Kb
 bounds [0x000001c0887e0000, 0x000001c0890e0000, 0x000001c08fd10000]
CodeHeap 'non-nmethods': size=5696Kb used=1664Kb max_used=1802Kb free=4031Kb
 bounds [0x000001c08fd10000, 0x000001c08ff80000, 0x000001c0902a0000]
CodeCache: size=245760Kb, used=13150Kb, max_used=13572Kb, free=232608Kb
 total_blobs=6143, nmethods=5478, adapters=569, full_count=0
Compilation: enabled, stopped_count=0, restarted_count=0

Compilation events (20 events):
Event: 10997.416 Thread 0x000001c0ff50a090 6235       3       com.mysql.cj.conf.AbstractRuntimeProperty::invokeListeners (73 bytes)
Event: 10997.425 Thread 0x000001c0ff50a090 nmethod 6235 0x000001c088cc9208 code [0x000001c088cc93a0, 0x000001c088cc9c08]
Event: 11280.485 Thread 0x000001c0ff50a090 6236       3       ch.qos.logback.classic.Logger::filterAndLog_1 (68 bytes)
Event: 11280.542 Thread 0x000001c0ff50a090 nmethod 6236 0x000001c08886e808 code [0x000001c08886e960, 0x000001c08886eef8]
Event: 11310.481 Thread 0x000001c0ff50a090 6238   !   3       com.zaxxer.hikari.pool.HikariPool$HouseKeeper::run (477 bytes)
Event: 11310.554 Thread 0x000001c0ff50a090 nmethod 6238 0x000001c088e0a188 code [0x000001c088e0a5a0, 0x000001c088e0ce08]
Event: 11877.623 Thread 0x000001c0ff50a090 6239       3       org.apache.coyote.http11.Http11InputBuffer::parseHeader (1001 bytes)
Event: 11877.840 Thread 0x000001c0ff50a090 nmethod 6239 0x000001c088d92b88 code [0x000001c088d930c0, 0x000001c088d96670]
Event: 11877.876 Thread 0x000001c0ff50a090 6240       3       org.apache.tomcat.util.http.MimeHeaders::getValue (44 bytes)
Event: 11877.882 Thread 0x000001c0ff50a090 nmethod 6240 0x000001c088df9288 code [0x000001c088df93e0, 0x000001c088df9778]
Event: 11878.893 Thread 0x000001c0ff50a090 6241       1       java.util.Collections$EmptySet::hashCode (2 bytes)
Event: 11878.894 Thread 0x000001c0ff50a090 nmethod 6241 0x000001c090459e88 code [0x000001c090459f80, 0x000001c09045a048]
Event: 11879.757 Thread 0x000001c0ff50a090 6242       3       java.util.concurrent.ConcurrentHashMap$CollectionView::<init> (10 bytes)
Event: 11879.763 Thread 0x000001c0ff50a090 nmethod 6242 0x000001c088e09e88 code [0x000001c088e09fa0, 0x000001c088e0a150]
Event: 11879.794 Thread 0x000001c0ff4f65a0 6243       4       org.springframework.core.annotation.MergedAnnotations::from (11 bytes)
Event: 11880.038 Thread 0x000001c0ff50a090 6244       3       java.util.ArrayList::subList (20 bytes)
Event: 11880.046 Thread 0x000001c0ff50a090 nmethod 6244 0x000001c088e09908 code [0x000001c088e09a40, 0x000001c088e09e00]
Event: 11880.046 Thread 0x000001c0ff50a090 6245       3       java.util.ArrayList$SubList::<init> (35 bytes)
Event: 11880.046 Thread 0x000001c0ff50a090 nmethod 6245 0x000001c088e09488 code [0x000001c088e095c0, 0x000001c088e09888]
Event: 11880.214 Thread 0x000001c0ff50a090 6246       3       kotlin.collections.CollectionsKt___CollectionsKt::first (33 bytes)

GC Heap History (20 events):
Event: 8.857 GC heap before
{Heap before GC invocations=3 (full 0):
 garbage-first heap   total reserved 2019328K, committed 37888K, used 28401K [0x0000000084c00000, 0x0000000100000000)
  region size 1024K, 22 young (22528K), 4 survivors (4096K)
 Metaspace       used 23919K, committed 24128K, reserved 1114112K
  class space    used 2300K, committed 2368K, reserved 1048576K
}
Event: 8.866 GC heap after
{Heap after GC invocations=4 (full 0):
 garbage-first heap   total reserved 2019328K, committed 37888K, used 13111K [0x0000000084c00000, 0x0000000100000000)
  region size 1024K, 3 young (3072K), 3 survivors (3072K)
 Metaspace       used 23919K, committed 24128K, reserved 1114112K
  class space    used 2300K, committed 2368K, reserved 1048576K
}
Event: 10.918 GC heap before
{Heap before GC invocations=4 (full 0):
 garbage-first heap   total reserved 2019328K, committed 37888K, used 27447K [0x0000000084c00000, 0x0000000100000000)
  region size 1024K, 17 young (17408K), 3 survivors (3072K)
 Metaspace       used 26182K, committed 26432K, reserved 1114112K
  class space    used 2532K, committed 2624K, reserved 1048576K
}
Event: 10.927 GC heap after
{Heap after GC invocations=5 (full 0):
 garbage-first heap   total reserved 2019328K, committed 37888K, used 14502K [0x0000000084c00000, 0x0000000100000000)
  region size 1024K, 2 young (2048K), 2 survivors (2048K)
 Metaspace       used 26182K, committed 26432K, reserved 1114112K
  class space    used 2532K, committed 2624K, reserved 1048576K
}
Event: 11.408 GC heap before
{Heap before GC invocations=5 (full 0):
 garbage-first heap   total reserved 2019328K, committed 37888K, used 27814K [0x0000000084c00000, 0x0000000100000000)
  region size 1024K, 16 young (16384K), 2 survivors (2048K)
 Metaspace       used 28640K, committed 28992K, reserved 1114112K
  class space    used 2846K, committed 3008K, reserved 1048576K
}
Event: 11.414 GC heap after
{Heap after GC invocations=6 (full 0):
 garbage-first heap   total reserved 2019328K, committed 37888K, used 15867K [0x0000000084c00000, 0x0000000100000000)
  region size 1024K, 2 young (2048K), 2 survivors (2048K)
 Metaspace       used 28640K, committed 28992K, reserved 1114112K
  class space    used 2846K, committed 3008K, reserved 1048576K
}
Event: 12.261 GC heap before
{Heap before GC invocations=6 (full 0):
 garbage-first heap   total reserved 2019328K, committed 37888K, used 29179K [0x0000000084c00000, 0x0000000100000000)
  region size 1024K, 16 young (16384K), 2 survivors (2048K)
 Metaspace       used 31565K, committed 31872K, reserved 1114112K
  class space    used 3160K, committed 3264K, reserved 1048576K
}
Event: 12.266 GC heap after
{Heap after GC invocations=7 (full 0):
 garbage-first heap   total reserved 2019328K, committed 37888K, used 17202K [0x0000000084c00000, 0x0000000100000000)
  region size 1024K, 2 young (2048K), 2 survivors (2048K)
 Metaspace       used 31565K, committed 31872K, reserved 1114112K
  class space    used 3160K, committed 3264K, reserved 1048576K
}
Event: 13.716 GC heap before
{Heap before GC invocations=7 (full 0):
 garbage-first heap   total reserved 2019328K, committed 37888K, used 30514K [0x0000000084c00000, 0x0000000100000000)
  region size 1024K, 15 young (15360K), 2 survivors (2048K)
 Metaspace       used 33239K, committed 33536K, reserved 1114112K
  class space    used 3327K, committed 3456K, reserved 1048576K
}
Event: 13.722 GC heap after
{Heap after GC invocations=8 (full 0):
 garbage-first heap   total reserved 2019328K, committed 37888K, used 18936K [0x0000000084c00000, 0x0000000100000000)
  region size 1024K, 2 young (2048K), 2 survivors (2048K)
 Metaspace       used 33239K, committed 33536K, reserved 1114112K
  class space    used 3327K, committed 3456K, reserved 1048576K
}
Event: 1662.505 GC heap before
{Heap before GC invocations=8 (full 0):
 garbage-first heap   total reserved 2019328K, committed 37888K, used 30200K [0x0000000084c00000, 0x0000000100000000)
  region size 1024K, 14 young (14336K), 2 survivors (2048K)
 Metaspace       used 35223K, committed 35584K, reserved 1114112K
  class space    used 3555K, committed 3712K, reserved 1048576K
}
Event: 1662.629 GC heap after
{Heap after GC invocations=9 (full 0):
 garbage-first heap   total reserved 2019328K, committed 37888K, used 20047K [0x0000000084c00000, 0x0000000100000000)
  region size 1024K, 2 young (2048K), 2 survivors (2048K)
 Metaspace       used 35223K, committed 35584K, reserved 1114112K
  class space    used 3555K, committed 3712K, reserved 1048576K
}
Event: 1664.399 GC heap before
{Heap before GC invocations=10 (full 0):
 garbage-first heap   total reserved 2019328K, committed 37888K, used 30287K [0x0000000084c00000, 0x0000000100000000)
  region size 1024K, 13 young (13312K), 2 survivors (2048K)
 Metaspace       used 37633K, committed 38016K, reserved 1114112K
  class space    used 3813K, committed 3968K, reserved 1048576K
}
Event: 1664.406 GC heap after
{Heap after GC invocations=11 (full 0):
 garbage-first heap   total reserved 2019328K, committed 37888K, used 21210K [0x0000000084c00000, 0x0000000100000000)
  region size 1024K, 2 young (2048K), 2 survivors (2048K)
 Metaspace       used 37633K, committed 38016K, reserved 1114112K
  class space    used 3813K, committed 3968K, reserved 1048576K
}
Event: 1665.553 GC heap before
{Heap before GC invocations=11 (full 0):
 garbage-first heap   total reserved 2019328K, committed 37888K, used 31450K [0x0000000084c00000, 0x0000000100000000)
  region size 1024K, 13 young (13312K), 2 survivors (2048K)
 Metaspace       used 40977K, committed 41408K, reserved 1114112K
  class space    used 4139K, committed 4352K, reserved 1048576K
}
Event: 1665.569 GC heap after
{Heap after GC invocations=12 (full 0):
 garbage-first heap   total reserved 2019328K, committed 37888K, used 22579K [0x0000000084c00000, 0x0000000100000000)
  region size 1024K, 2 young (2048K), 2 survivors (2048K)
 Metaspace       used 40977K, committed 41408K, reserved 1114112K
  class space    used 4139K, committed 4352K, reserved 1048576K
}
Event: 5433.139 GC heap before
{Heap before GC invocations=12 (full 0):
 garbage-first heap   total reserved 2019328K, committed 37888K, used 30771K [0x0000000084c00000, 0x0000000100000000)
  region size 1024K, 11 young (11264K), 2 survivors (2048K)
 Metaspace       used 42257K, committed 42688K, reserved 1114112K
  class space    used 4232K, committed 4416K, reserved 1048576K
}
Event: 5433.245 GC heap after
{Heap after GC invocations=13 (full 0):
 garbage-first heap   total reserved 2019328K, committed 37888K, used 23939K [0x0000000084c00000, 0x0000000100000000)
  region size 1024K, 2 young (2048K), 2 survivors (2048K)
 Metaspace       used 42257K, committed 42688K, reserved 1114112K
  class space    used 4232K, committed 4416K, reserved 1048576K
}
Event: 7408.490 GC heap before
{Heap before GC invocations=14 (full 0):
 garbage-first heap   total reserved 2019328K, committed 40960K, used 32131K [0x0000000084c00000, 0x0000000100000000)
  region size 1024K, 11 young (11264K), 2 survivors (2048K)
 Metaspace       used 43979K, committed 44352K, reserved 1114112K
  class space    used 4427K, committed 4608K, reserved 1048576K
}
Event: 7408.696 GC heap after
{Heap after GC invocations=15 (full 0):
 garbage-first heap   total reserved 2019328K, committed 40960K, used 24769K [0x0000000084c00000, 0x0000000100000000)
  region size 1024K, 2 young (2048K), 2 survivors (2048K)
 Metaspace       used 43979K, committed 44352K, reserved 1114112K
  class space    used 4427K, committed 4608K, reserved 1048576K
}

Dll operation events (12 events):
Event: 0.143 Loaded shared library C:\Users\nicha\.jdks\openjdk-24.0.2+12-54\bin\java.dll
Event: 0.219 Loaded shared library C:\Users\nicha\.jdks\openjdk-24.0.2+12-54\bin\jsvml.dll
Event: 0.507 Loaded shared library C:\Users\nicha\.jdks\openjdk-24.0.2+12-54\bin\zip.dll
Event: 0.513 Loaded shared library C:\Users\nicha\.jdks\openjdk-24.0.2+12-54\bin\instrument.dll
Event: 0.526 Loaded shared library C:\Users\nicha\.jdks\openjdk-24.0.2+12-54\bin\net.dll
Event: 0.533 Loaded shared library C:\Users\nicha\.jdks\openjdk-24.0.2+12-54\bin\nio.dll
Event: 0.696 Loaded shared library C:\Users\nicha\.jdks\openjdk-24.0.2+12-54\bin\zip.dll
Event: 5.476 Loaded shared library C:\Users\nicha\.jdks\openjdk-24.0.2+12-54\bin\extnet.dll
Event: 5.547 Loaded shared library C:\Users\nicha\.jdks\openjdk-24.0.2+12-54\bin\jimage.dll
Event: 8.410 Loaded shared library C:\Users\nicha\.jdks\openjdk-24.0.2+12-54\bin\sunmscapi.dll
Event: 11.874 Loaded shared library C:\Users\nicha\.jdks\openjdk-24.0.2+12-54\bin\management.dll
Event: 11.876 Loaded shared library C:\Users\nicha\.jdks\openjdk-24.0.2+12-54\bin\management_ext.dll

Deoptimization events (20 events):
Event: 6418.056 Thread 0x000001c0e2774250 Uncommon trap: trap_request=0xffffffbe fr.pc=0x000001c09038bd00 relative=0x0000000000000360
Event: 6418.056 Thread 0x000001c0e2774250 Uncommon trap: reason=profile_predicate action=maybe_recompile pc=0x000001c09038bd00 method=java.util.concurrent.ConcurrentHashMap$Traverser.advance()Ljava/util/concurrent/ConcurrentHashMap$Node; @ 15 c2
Event: 6418.056 Thread 0x000001c0e2774250 DEOPT PACKING pc=0x000001c09038bd00 sp=0x000000b8c88ff090
Event: 6418.056 Thread 0x000001c0e2774250 DEOPT UNPACKING pc=0x000001c08fe32282 sp=0x000000b8c88fede8 mode 2
Event: 6419.054 Thread 0x000001c0e2774250 Uncommon trap: trap_request=0xffffffbe fr.pc=0x000001c090392aec relative=0x000000000000034c
Event: 6419.054 Thread 0x000001c0e2774250 Uncommon trap: reason=profile_predicate action=maybe_recompile pc=0x000001c090392aec method=java.util.concurrent.ConcurrentHashMap$Traverser.advance()Ljava/util/concurrent/ConcurrentHashMap$Node; @ 15 c2
Event: 6419.054 Thread 0x000001c0e2774250 DEOPT PACKING pc=0x000001c090392aec sp=0x000000b8c88ff020
Event: 6419.055 Thread 0x000001c0e2774250 DEOPT UNPACKING pc=0x000001c08fe32282 sp=0x000000b8c88fede0 mode 2
Event: 7423.056 Thread 0x000001c0e2775840 Uncommon trap: trap_request=0xffffff4d fr.pc=0x000001c0905042f8 relative=0x00000000000006f8
Event: 7423.061 Thread 0x000001c0e2775840 Uncommon trap: reason=unstable_if action=reinterpret pc=0x000001c0905042f8 method=java.util.concurrent.locks.AbstractQueuedSynchronizer.acquire(Ljava/util/concurrent/locks/AbstractQueuedSynchronizer$Node;IZZZJ)I @ 83 c2
Event: 7423.064 Thread 0x000001c0e2775840 DEOPT PACKING pc=0x000001c0905042f8 sp=0x000000b8c8afef30
Event: 7423.068 Thread 0x000001c0e2775840 DEOPT UNPACKING pc=0x000001c08fe32282 sp=0x000000b8c8afee78 mode 2
Event: 7845.967 Thread 0x000001c0e2776e30 Uncommon trap: trap_request=0xffffff54 fr.pc=0x000001c09048e89c relative=0x000000000000239c
Event: 7845.969 Thread 0x000001c0e2776e30 Uncommon trap: reason=speculate_null_assert action=make_not_entrant pc=0x000001c09048e89c method=org.springframework.util.ConcurrentReferenceHashMap$Segment.restructureIfNecessary(Z)V @ 41 c2
Event: 7845.970 Thread 0x000001c0e2776e30 DEOPT PACKING pc=0x000001c09048e89c sp=0x000000b8c8efdaf0
Event: 7845.971 Thread 0x000001c0e2776e30 DEOPT UNPACKING pc=0x000001c08fe32282 sp=0x000000b8c8efd898 mode 2
Event: 10212.073 Thread 0x000001c0e2775840 Uncommon trap: trap_request=0xffffff4d fr.pc=0x000001c090512b70 relative=0x0000000000000a70
Event: 10212.084 Thread 0x000001c0e2775840 Uncommon trap: reason=unstable_if action=reinterpret pc=0x000001c090512b70 method=java.util.concurrent.locks.AbstractQueuedSynchronizer$ConditionObject.unlinkCancelledWaiters(Ljava/util/concurrent/locks/AbstractQueuedSynchronizer$ConditionNode;)V @ 51 c2
Event: 10212.090 Thread 0x000001c0e2775840 DEOPT PACKING pc=0x000001c090512b70 sp=0x000000b8c8afef10
Event: 10212.099 Thread 0x000001c0e2775840 DEOPT UNPACKING pc=0x000001c08fe32282 sp=0x000000b8c8afee18 mode 2

Classes loaded (20 events):
Event: 5670.380 Loading class java/util/stream/ReferencePipeline$4
Event: 5670.381 Loading class java/util/stream/IntPipeline$StatelessOp
Event: 5670.381 Loading class java/util/stream/IntPipeline$StatelessOp done
Event: 5670.381 Loading class java/util/stream/ReferencePipeline$4 done
Event: 5670.382 Loading class java/util/function/IntBinaryOperator
Event: 5670.382 Loading class java/util/function/IntBinaryOperator done
Event: 5670.382 Loading class java/util/stream/ReduceOps$7
Event: 5670.382 Loading class java/util/stream/ReduceOps$7 done
Event: 5670.383 Loading class java/util/stream/ReduceOps$6ReducingSink
Event: 5670.383 Loading class java/util/stream/ReduceOps$6ReducingSink done
Event: 5670.383 Loading class java/util/stream/ReferencePipeline$4$1
Event: 5670.384 Loading class java/util/stream/ReferencePipeline$4$1 done
Event: 7846.239 Loading class java/util/Formatter$FormatSpecifierParser
Event: 7846.252 Loading class java/util/Formatter$FormatSpecifierParser done
Event: 7846.269 Loading class sun/util/resources/LocaleData$CommonResourceBundleProvider
Event: 7846.273 Loading class sun/util/resources/LocaleData$LocaleDataResourceBundleProvider
Event: 7846.275 Loading class java/util/spi/ResourceBundleProvider
Event: 7846.277 Loading class java/util/spi/ResourceBundleProvider done
Event: 7846.277 Loading class sun/util/resources/LocaleData$LocaleDataResourceBundleProvider done
Event: 7846.277 Loading class sun/util/resources/LocaleData$CommonResourceBundleProvider done

Classes unloaded (20 events):
Event: 5436.736 Thread 0x000001c0ff4dead0 Unloading class 0x000001c09d2b8c00 'java/lang/invoke/LambdaForm$MH+0x000001c09d2b8c00'
Event: 5436.737 Thread 0x000001c0ff4dead0 Unloading class 0x000001c09d2b8000 'java/lang/invoke/LambdaForm$MH+0x000001c09d2b8000'
Event: 5436.737 Thread 0x000001c0ff4dead0 Unloading class 0x000001c09d2b5800 'java/lang/invoke/LambdaForm$MH+0x000001c09d2b5800'
Event: 5436.738 Thread 0x000001c0ff4dead0 Unloading class 0x000001c09d2b5400 'java/lang/invoke/LambdaForm$MH+0x000001c09d2b5400'
Event: 5436.738 Thread 0x000001c0ff4dead0 Unloading class 0x000001c09d2b5000 'java/lang/invoke/LambdaForm$BMH+0x000001c09d2b5000'
Event: 5436.738 Thread 0x000001c0ff4dead0 Unloading class 0x000001c09d2ac000 'java/lang/invoke/LambdaForm$MH+0x000001c09d2ac000'
Event: 5436.739 Thread 0x000001c0ff4dead0 Unloading class 0x000001c09d2a0000 'java/lang/invoke/LambdaForm$DMH+0x000001c09d2a0000'
Event: 5436.740 Thread 0x000001c0ff4dead0 Unloading class 0x000001c09d240400 'java/lang/invoke/LambdaForm$DMH+0x000001c09d240400'
Event: 5436.741 Thread 0x000001c0ff4dead0 Unloading class 0x000001c09d1b4800 'java/lang/invoke/LambdaForm$MH+0x000001c09d1b4800'
Event: 5436.741 Thread 0x000001c0ff4dead0 Unloading class 0x000001c09d1b4000 'java/lang/invoke/LambdaForm$MH+0x000001c09d1b4000'
Event: 5436.742 Thread 0x000001c0ff4dead0 Unloading class 0x000001c09d0f0400 'java/lang/invoke/LambdaForm$MH+0x000001c09d0f0400'
Event: 5436.743 Thread 0x000001c0ff4dead0 Unloading class 0x000001c09d0a9000 'java/lang/invoke/LambdaForm$MH+0x000001c09d0a9000'
Event: 5436.744 Thread 0x000001c0ff4dead0 Unloading class 0x000001c09d0a8c00 'java/lang/invoke/LambdaForm$MH+0x000001c09d0a8c00'
Event: 5436.744 Thread 0x000001c0ff4dead0 Unloading class 0x000001c09d094000 'java/lang/invoke/LambdaForm$DMH+0x000001c09d094000'
Event: 5436.746 Thread 0x000001c0ff4dead0 Unloading class 0x000001c09d030c00 'java/lang/invoke/LambdaForm$MH+0x000001c09d030c00'
Event: 5436.746 Thread 0x000001c0ff4dead0 Unloading class 0x000001c09d010c00 'java/lang/invoke/LambdaForm$BMH+0x000001c09d010c00'
Event: 5436.747 Thread 0x000001c0ff4dead0 Unloading class 0x000001c09d002400 'java/lang/invoke/LambdaForm$MH+0x000001c09d002400'
Event: 5436.748 Thread 0x000001c0ff4dead0 Unloading class 0x000001c09d002000 'java/lang/invoke/LambdaForm$MH+0x000001c09d002000'
Event: 5436.748 Thread 0x000001c0ff4dead0 Unloading class 0x000001c09d001c00 'java/lang/invoke/LambdaForm$MH+0x000001c09d001c00'
Event: 5436.748 Thread 0x000001c0ff4dead0 Unloading class 0x000001c09d001400 'java/lang/invoke/LambdaForm$MH+0x000001c09d001400'

Classes redefined (0 events):
No events

Internal exceptions (20 events):
Event: 5446.112 Thread 0x000001c0e109b910 Implicit null exception at 0x000001c090485bb0 to 0x000001c090485ebd
Event: 5446.120 Thread 0x000001c0e109b910 Implicit null exception at 0x000001c09041cf17 to 0x000001c09041d17c
Event: 5446.127 Thread 0x000001c0e109b910 Implicit null exception at 0x000001c0903fe569 to 0x000001c0903fe60d
Event: 5668.881 Thread 0x000001c0e1099480 Implicit null exception at 0x000001c0904ca1b2 to 0x000001c0904d31c8
Event: 5669.692 Thread 0x000001c0e1099480 Exception <a 'java/lang/NoSuchMethodError'{0x0000000089143230}: 'java.lang.Object java.lang.invoke.DelegatingMethodHandle$Holder.reinvoke_L(java.lang.Object, java.lang.Object, int, java.lang.Object, java.lang.Object)'> (0x0000000089143230) 
thrown [s\open\src\hotspot\share\interpreter\linkResolver.cpp, line 805]
Event: 5670.322 Thread 0x000001c0e1099480 Exception <a 'java/lang/NoSuchMethodError'{0x0000000086c3f6f0}: 'java.lang.Object java.lang.invoke.DirectMethodHandle$Holder.invokeStaticInit(java.lang.Object, java.lang.Object, java.lang.Object, java.lang.Object, java.lang.Object, java.lang.Object, java.lang.Object)'> (0x0000000086c3f6f0) 
thrown [s\open\src\hotspot\share\interpreter\linkResolver.cpp, line 805]
Event: 5670.327 Thread 0x000001c0e1099480 Exception <a 'java/lang/NoSuchMethodError'{0x0000000086c51e90}: 'int java.lang.invoke.DirectMethodHandle$Holder.invokeStaticInit(java.lang.Object, int, int)'> (0x0000000086c51e90) 
thrown [s\open\src\hotspot\share\interpreter\linkResolver.cpp, line 805]
Event: 5670.328 Thread 0x000001c0e1099480 Exception <a 'java/lang/NoSuchMethodError'{0x0000000086c5e8f0}: 'int java.lang.invoke.DirectMethodHandle$Holder.invokeStaticInit(java.lang.Object, long, long)'> (0x0000000086c5e8f0) 
thrown [s\open\src\hotspot\share\interpreter\linkResolver.cpp, line 805]
Event: 5670.329 Thread 0x000001c0e1099480 Exception <a 'java/lang/NoSuchMethodError'{0x0000000086c72f20}: 'int java.lang.invoke.DirectMethodHandle$Holder.invokeStaticInit(java.lang.Object, float, float)'> (0x0000000086c72f20) 
thrown [s\open\src\hotspot\share\interpreter\linkResolver.cpp, line 805]
Event: 5670.330 Thread 0x000001c0e1099480 Exception <a 'java/lang/NoSuchMethodError'{0x0000000086c83548}: 'int java.lang.invoke.DirectMethodHandle$Holder.invokeStaticInit(java.lang.Object, double, double)'> (0x0000000086c83548) 
thrown [s\open\src\hotspot\share\interpreter\linkResolver.cpp, line 805]
Event: 5670.330 Thread 0x000001c0e1099480 Exception <a 'java/lang/NoSuchMethodError'{0x0000000086c8c630}: 'int java.lang.invoke.DirectMethodHandle$Holder.invokeStatic(java.lang.Object, long)'> (0x0000000086c8c630) 
thrown [s\open\src\hotspot\share\interpreter\linkResolver.cpp, line 805]
Event: 5670.331 Thread 0x000001c0e1099480 Exception <a 'java/lang/NoSuchMethodError'{0x0000000086ca58c0}: 'java.lang.Object java.lang.invoke.DirectMethodHandle$Holder.invokeStatic(java.lang.Object, float)'> (0x0000000086ca58c0) 
thrown [s\open\src\hotspot\share\interpreter\linkResolver.cpp, line 805]
Event: 5670.335 Thread 0x000001c0e1099480 Exception <a 'java/lang/NoSuchMethodError'{0x0000000086ce71a8}: 'int java.lang.invoke.Invokers$Holder.linkToTargetMethod(java.lang.Object, java.lang.Object)'> (0x0000000086ce71a8) 
thrown [s\open\src\hotspot\share\interpreter\linkResolver.cpp, line 805]
Event: 5670.386 Thread 0x000001c0e1099480 Implicit null exception at 0x000001c090464b8f to 0x000001c090464de6
Event: 6415.057 Thread 0x000001c0e2774250 Implicit null exception at 0x000001c09038ba1d to 0x000001c09038bce4
Event: 6416.054 Thread 0x000001c0e2774250 Implicit null exception at 0x000001c09038ba1d to 0x000001c09038bce4
Event: 6417.055 Thread 0x000001c0e2774250 Implicit null exception at 0x000001c09038ba1d to 0x000001c09038bce4
Event: 6418.056 Thread 0x000001c0e2774250 Implicit null exception at 0x000001c09038ba1d to 0x000001c09038bce4
Event: 6419.054 Thread 0x000001c0e2774250 Implicit null exception at 0x000001c09039281b to 0x000001c090392ad0
Event: 7829.280 Thread 0x000001c0e109b910 Exception <a 'java/lang/NoSuchMethodError'{0x000000008c766370}: 'java.lang.Object java.lang.invoke.DirectMethodHandle$Holder.invokeVirtual(java.lang.Object, java.lang.Object, int, java.lang.Object)'> (0x000000008c766370) 
thrown [s\open\src\hotspot\share\interpreter\linkResolver.cpp, line 805]

VM Operations (20 events):
Event: 5437.516 Executing VM operation: G1PauseCleanup
Event: 5443.481 Executing VM operation: G1PauseCleanup done
Event: 5471.119 Executing VM operation: HandshakeAllThreads (HandshakeForDeflation)
Event: 5471.127 Executing VM operation: HandshakeAllThreads (HandshakeForDeflation) done
Event: 5471.127 Executing VM operation: RendezvousGCThreads
Event: 5471.127 Executing VM operation: RendezvousGCThreads done
Event: 5591.297 Executing VM operation: HandshakeAllThreads (HandshakeForDeflation)
Event: 5591.299 Executing VM operation: HandshakeAllThreads (HandshakeForDeflation) done
Event: 5591.299 Executing VM operation: RendezvousGCThreads
Event: 5591.300 Executing VM operation: RendezvousGCThreads done
Event: 5651.357 Executing VM operation: HandshakeAllThreads (HandshakeForDeflation)
Event: 5651.357 Executing VM operation: HandshakeAllThreads (HandshakeForDeflation) done
Event: 5651.358 Executing VM operation: RendezvousGCThreads
Event: 5651.358 Executing VM operation: RendezvousGCThreads done
Event: 5669.509 Executing VM operation: HandshakeAllThreads (Deoptimize)
Event: 5669.511 Executing VM operation: HandshakeAllThreads (Deoptimize) done
Event: 5670.435 Executing VM operation: HandshakeAllThreads (Deoptimize)
Event: 5670.435 Executing VM operation: HandshakeAllThreads (Deoptimize) done
Event: 7408.480 Executing VM operation: G1CollectForAllocation (G1 Evacuation Pause)
Event: 7408.697 Executing VM operation: G1CollectForAllocation (G1 Evacuation Pause) done

Memory protections (0 events):
No events

Nmethod flushes (20 events):
Event: 5437.343 Thread 0x000001c0ff4dead0 flushing  nmethod 0x000001c088d12c88
Event: 5437.344 Thread 0x000001c0ff4dead0 flushing  nmethod 0x000001c088d2b588
Event: 5437.344 Thread 0x000001c0ff4dead0 flushing  nmethod 0x000001c088d2eb88
Event: 5437.344 Thread 0x000001c0ff4dead0 flushing  nmethod 0x000001c088d32b88
Event: 5437.344 Thread 0x000001c0ff4dead0 flushing  nmethod 0x000001c088d33588
Event: 5437.344 Thread 0x000001c0ff4dead0 flushing  nmethod 0x000001c088d33988
Event: 5437.344 Thread 0x000001c0ff4dead0 flushing  nmethod 0x000001c088d65c08
Event: 5437.344 Thread 0x000001c0ff4dead0 flushing  nmethod 0x000001c088d67688
Event: 5437.345 Thread 0x000001c0ff4dead0 flushing  nmethod 0x000001c088d6cd08
Event: 5437.345 Thread 0x000001c0ff4dead0 flushing  nmethod 0x000001c088e19b08
Event: 5437.345 Thread 0x000001c0ff4dead0 flushing  nmethod 0x000001c088eb2e88
Event: 5437.345 Thread 0x000001c0ff4dead0 flushing  nmethod 0x000001c088ef7388
Event: 5437.345 Thread 0x000001c0ff4dead0 flushing  nmethod 0x000001c088f80708
Event: 5437.345 Thread 0x000001c0ff4dead0 flushing  nmethod 0x000001c088f83a88
Event: 5437.346 Thread 0x000001c0ff4dead0 flushing  nmethod 0x000001c088f95c88
Event: 5437.346 Thread 0x000001c0ff4dead0 flushing  nmethod 0x000001c088f9ee08
Event: 5437.346 Thread 0x000001c0ff4dead0 flushing  nmethod 0x000001c088fd4908
Event: 5437.346 Thread 0x000001c0ff4dead0 flushing  nmethod 0x000001c089023c88
Event: 5437.346 Thread 0x000001c0ff4dead0 flushing  nmethod 0x000001c08902a988
Event: 5437.346 Thread 0x000001c0ff4dead0 flushing  nmethod 0x000001c08902ac88

Events (20 events):
Event: 10946.008 Thread 0x000001c0e109fae0 Thread added: 0x000001c0e10a0980
Event: 10946.111 Thread 0x000001c0e10a0980 Thread added: 0x000001c0e109d650
Event: 10951.597 Thread 0x000001c0e10a0980 Thread exited: 0x000001c0e10a0980
Event: 10951.627 Thread 0x000001c0e109d650 Thread exited: 0x000001c0e109d650
Event: 10951.830 Thread 0x000001c0e109fae0 Thread added: 0x000001c0e109d650
Event: 10951.835 Thread 0x000001c0e109d650 Thread added: 0x000001c0e109e4f0
Event: 10958.729 Thread 0x000001c0e109d650 Thread exited: 0x000001c0e109d650
Event: 10958.766 Thread 0x000001c0e109e4f0 Thread exited: 0x000001c0e109e4f0
Event: 10964.380 Thread 0x000001c0e109fae0 Thread added: 0x000001c0e109e4f0
Event: 10964.385 Thread 0x000001c0e109e4f0 Thread added: 0x000001c0e109d650
Event: 10969.385 Thread 0x000001c0e109e4f0 Thread exited: 0x000001c0e109e4f0
Event: 10969.425 Thread 0x000001c0e109d650 Thread exited: 0x000001c0e109d650
Event: 10977.327 Thread 0x000001c0e109fae0 Thread added: 0x000001c0e109f390
Event: 10977.335 Thread 0x000001c0e109f390 Thread added: 0x000001c0e10a0980
Event: 10985.885 Thread 0x000001c0e109f390 Thread exited: 0x000001c0e109f390
Event: 10985.928 Thread 0x000001c0e10a0980 Thread exited: 0x000001c0e10a0980
Event: 10996.201 Thread 0x000001c0e109fae0 Thread added: 0x000001c0e109e4f0
Event: 10996.204 Thread 0x000001c0e109e4f0 Thread added: 0x000001c0e109ec40
Event: 11002.387 Thread 0x000001c0e109e4f0 Thread exited: 0x000001c0e109e4f0
Event: 11002.431 Thread 0x000001c0e109ec40 Thread exited: 0x000001c0e109ec40


Dynamic libraries:
0x00007ff7d4370000 - 0x00007ff7d437e000 	C:\Users\nicha\.jdks\openjdk-24.0.2+12-54\bin\java.exe
0x00007ffa7b100000 - 0x00007ffa7b369000 	C:\WINDOWS\SYSTEM32\ntdll.dll
0x00007ffa7a3e0000 - 0x00007ffa7a4a9000 	C:\WINDOWS\System32\KERNEL32.DLL
0x00007ffa78750000 - 0x00007ffa78b43000 	C:\WINDOWS\System32\KERNELBASE.dll
0x00007ffa78540000 - 0x00007ffa7868b000 	C:\WINDOWS\System32\ucrtbase.dll
0x00007ffa61930000 - 0x00007ffa61946000 	C:\Users\nicha\.jdks\openjdk-24.0.2+12-54\bin\jli.dll
0x00007ffa79fc0000 - 0x00007ffa7a184000 	C:\WINDOWS\System32\USER32.dll
0x00007ffa78ea0000 - 0x00007ffa78ec7000 	C:\WINDOWS\System32\win32u.dll
0x00007ffa79f70000 - 0x00007ffa79f9b000 	C:\WINDOWS\System32\GDI32.dll
0x00007ffa78b50000 - 0x00007ffa78c7d000 	C:\WINDOWS\System32\gdi32full.dll
0x00007ffa78400000 - 0x00007ffa784a3000 	C:\WINDOWS\System32\msvcp_win.dll
0x00007ffa52230000 - 0x00007ffa5224b000 	C:\Users\nicha\.jdks\openjdk-24.0.2+12-54\bin\VCRUNTIME140.dll
0x00007ffa5b2a0000 - 0x00007ffa5b533000 	C:\WINDOWS\WinSxS\amd64_microsoft.windows.common-controls_6595b64144ccf1df_6.0.26100.5074_none_3e0d6f78e32fd63f\COMCTL32.dll
0x00007ffa7adf0000 - 0x00007ffa7ae99000 	C:\WINDOWS\System32\msvcrt.dll
0x00007ffa79640000 - 0x00007ffa7966f000 	C:\WINDOWS\System32\IMM32.DLL
0x00007ffa482b0000 - 0x00007ffa482bc000 	C:\Users\nicha\.jdks\openjdk-24.0.2+12-54\bin\vcruntime140_1.dll
0x00007ffa3b810000 - 0x00007ffa3b89e000 	C:\Users\nicha\.jdks\openjdk-24.0.2+12-54\bin\msvcp140.dll
0x00007ff9da3d0000 - 0x00007ff9db171000 	C:\Users\nicha\.jdks\openjdk-24.0.2+12-54\bin\server\jvm.dll
0x00007ffa7a320000 - 0x00007ffa7a3d4000 	C:\WINDOWS\System32\ADVAPI32.dll
0x00007ffa7a190000 - 0x00007ffa7a236000 	C:\WINDOWS\System32\sechost.dll
0x00007ffa79dd0000 - 0x00007ffa79ee8000 	C:\WINDOWS\System32\RPCRT4.dll
0x00007ffa7ad70000 - 0x00007ffa7ade4000 	C:\WINDOWS\System32\WS2_32.dll
0x00007ffa780f0000 - 0x00007ffa7814e000 	C:\WINDOWS\SYSTEM32\POWRPROF.dll
0x00007ffa6daa0000 - 0x00007ffa6dad5000 	C:\WINDOWS\SYSTEM32\WINMM.dll
0x00007ffa66950000 - 0x00007ffa6695b000 	C:\WINDOWS\SYSTEM32\VERSION.dll
0x00007ffa780d0000 - 0x00007ffa780e4000 	C:\WINDOWS\SYSTEM32\UMPDC.dll
0x00007ffa77070000 - 0x00007ffa7708b000 	C:\WINDOWS\SYSTEM32\kernel.appcore.dll
0x00007ffa482a0000 - 0x00007ffa482aa000 	C:\Users\nicha\.jdks\openjdk-24.0.2+12-54\bin\jimage.dll
0x00007ffa759c0000 - 0x00007ffa75c02000 	C:\WINDOWS\SYSTEM32\DBGHELP.DLL
0x00007ffa78ed0000 - 0x00007ffa7924b000 	C:\WINDOWS\System32\combase.dll
0x00007ffa7a240000 - 0x00007ffa7a317000 	C:\WINDOWS\System32\OLEAUT32.dll
0x00007ffa537f0000 - 0x00007ffa5382d000 	C:\WINDOWS\SYSTEM32\dbgcore.DLL
0x00007ffa78e00000 - 0x00007ffa78e99000 	C:\WINDOWS\System32\bcryptPrimitives.dll
0x00007ffa48290000 - 0x00007ffa4829f000 	C:\Users\nicha\.jdks\openjdk-24.0.2+12-54\bin\instrument.dll
0x00007ffa46380000 - 0x00007ffa4639e000 	C:\Users\nicha\.jdks\openjdk-24.0.2+12-54\bin\java.dll
0x00007ffa79b20000 - 0x00007ffa79cb8000 	C:\WINDOWS\System32\ole32.dll
0x00007ffa7a520000 - 0x00007ffa7ac6d000 	C:\WINDOWS\System32\SHELL32.dll
0x00007ffa78290000 - 0x00007ffa783fc000 	C:\WINDOWS\System32\wintypes.dll
0x00007ffa75ec0000 - 0x00007ffa76719000 	C:\WINDOWS\SYSTEM32\windows.storage.dll
0x00007ffa79cd0000 - 0x00007ffa79dc0000 	C:\WINDOWS\System32\SHCORE.dll
0x00007ffa79550000 - 0x00007ffa795b2000 	C:\WINDOWS\System32\shlwapi.dll
0x00007ffa781b0000 - 0x00007ffa781d9000 	C:\WINDOWS\SYSTEM32\profapi.dll
0x00007ffa2b950000 - 0x00007ffa2ba27000 	C:\Users\nicha\.jdks\openjdk-24.0.2+12-54\bin\jsvml.dll
0x00007ffa40bf0000 - 0x00007ffa40c07000 	C:\Users\nicha\.jdks\openjdk-24.0.2+12-54\bin\zip.dll
0x00007ffa48280000 - 0x00007ffa48290000 	C:\Users\nicha\.jdks\openjdk-24.0.2+12-54\bin\net.dll
0x00007ffa775f0000 - 0x00007ffa7765b000 	C:\WINDOWS\system32\mswsock.dll
0x00007ffa40bd0000 - 0x00007ffa40be6000 	C:\Users\nicha\.jdks\openjdk-24.0.2+12-54\bin\nio.dll
0x00007ffa43570000 - 0x00007ffa43579000 	C:\Users\nicha\.jdks\openjdk-24.0.2+12-54\bin\extnet.dll
0x00007ffa43550000 - 0x00007ffa4355e000 	C:\Users\nicha\.jdks\openjdk-24.0.2+12-54\bin\sunmscapi.dll
0x00007ffa78c80000 - 0x00007ffa78df7000 	C:\WINDOWS\System32\CRYPT32.dll
0x00007ffa77ab0000 - 0x00007ffa77ae0000 	C:\WINDOWS\SYSTEM32\ncrypt.dll
0x00007ffa77a60000 - 0x00007ffa77a9f000 	C:\WINDOWS\SYSTEM32\NTASN1.dll
0x00007ffa77890000 - 0x00007ffa778ab000 	C:\WINDOWS\SYSTEM32\CRYPTSP.dll
0x00007ffa76fd0000 - 0x00007ffa7700b000 	C:\WINDOWS\system32\rsaenh.dll
0x00007ffa77690000 - 0x00007ffa776bb000 	C:\WINDOWS\SYSTEM32\USERENV.dll
0x00007ffa78180000 - 0x00007ffa781a6000 	C:\WINDOWS\SYSTEM32\bcrypt.dll
0x00007ffa778b0000 - 0x00007ffa778bc000 	C:\WINDOWS\SYSTEM32\CRYPTBASE.dll
0x00007ffa76b00000 - 0x00007ffa76b34000 	C:\WINDOWS\SYSTEM32\IPHLPAPI.DLL
0x00007ffa7b0b0000 - 0x00007ffa7b0ba000 	C:\WINDOWS\System32\NSI.dll
0x00007ffa40270000 - 0x00007ffa4027a000 	C:\Users\nicha\.jdks\openjdk-24.0.2+12-54\bin\management.dll
0x00007ffa401d0000 - 0x00007ffa401db000 	C:\Users\nicha\.jdks\openjdk-24.0.2+12-54\bin\management_ext.dll
0x00007ffa7a510000 - 0x00007ffa7a518000 	C:\WINDOWS\System32\PSAPI.DLL
0x00007ff9f35c0000 - 0x00007ff9f35c8000 	C:\WINDOWS\system32\wshunix.dll
0x00007ffa76be0000 - 0x00007ffa76d06000 	C:\WINDOWS\SYSTEM32\DNSAPI.dll
0x00007ffa671f0000 - 0x00007ffa671fb000 	C:\Windows\System32\rasadhlp.dll
0x00007ffa69480000 - 0x00007ffa69506000 	C:\WINDOWS\System32\fwpuclnt.dll

JVMTI agents:
C:\Program Files\JetBrains\IntelliJ IDEA Community Edition 2024.3.4.1\lib\idea_rt.jar path:C:\Users\nicha\.jdks\openjdk-24.0.2+12-54\bin\instrument.dll, loaded, initialized, instrumentlib options:52523

dbghelp: loaded successfully - version: 4.0.5 - missing functions: none
symbol engine: initialized successfully - sym options: 0x614 - pdb path: .;C:\Users\nicha\.jdks\openjdk-24.0.2+12-54\bin;C:\WINDOWS\SYSTEM32;C:\WINDOWS\WinSxS\amd64_microsoft.windows.common-controls_6595b64144ccf1df_6.0.26100.5074_none_3e0d6f78e32fd63f;C:\Users\nicha\.jdks\openjdk-24.0.2+12-54\bin\server

VM Arguments:
jvm_args: -javaagent:C:\Program Files\JetBrains\IntelliJ IDEA Community Edition 2024.3.4.1\lib\idea_rt.jar=52523 -Dfile.encoding=UTF-8 -Dsun.stdout.encoding=UTF-8 -Dsun.stderr.encoding=UTF-8 
java_command: com.example.Sox.SoxApplicationKt
java_class_path (initial): C:\Users\nicha\IdeaProjects\Soxmovil-backend\Sox\TRIMESTRE 8\Soxmovil-Backend\AppMovil-Kotlin\target\classes;C:\Users\nicha\.m2\repository\org\springframework\boot\spring-boot-starter-web\3.4.8\spring-boot-starter-web-3.4.8.jar;C:\Users\nicha\.m2\repository\org\springframework\boot\spring-boot-starter\3.4.8\spring-boot-starter-3.4.8.jar;C:\Users\nicha\.m2\repository\org\springframework\boot\spring-boot\3.4.8\spring-boot-3.4.8.jar;C:\Users\nicha\.m2\repository\org\springframework\boot\spring-boot-autoconfigure\3.4.8\spring-boot-autoconfigure-3.4.8.jar;C:\Users\nicha\.m2\repository\org\springframework\boot\spring-boot-starter-logging\3.4.8\spring-boot-starter-logging-3.4.8.jar;C:\Users\nicha\.m2\repository\ch\qos\logback\logback-classic\1.5.18\logback-classic-1.5.18.jar;C:\Users\nicha\.m2\repository\ch\qos\logback\logback-core\1.5.18\logback-core-1.5.18.jar;C:\Users\nicha\.m2\repository\org\apache\logging\log4j\log4j-to-slf4j\2.24.3\log4j-to-slf4j-2.24.3.jar;C:\Users\nicha\.m2\repository\org\apache\logging\log4j\log4j-api\2.24.3\log4j-api-2.24.3.jar;C:\Users\nicha\.m2\repository\org\slf4j\jul-to-slf4j\2.0.17\jul-to-slf4j-2.0.17.jar;C:\Users\nicha\.m2\repository\jakarta\annotation\jakarta.annotation-api\2.1.1\jakarta.annotation-api-2.1.1.jar;C:\Users\nicha\.m2\repository\org\yaml\snakeyaml\2.3\snakeyaml-2.3.jar;C:\Users\nicha\.m2\repository\org\springframework\boot\spring-boot-starter-json\3.4.8\spring-boot-starter-json-3.4.8.jar;C:\Users\nicha\.m2\repository\com\fasterxml\jackson\datatype\jackson-datatype-jdk8\2.18.4\jackson-datatype-jdk8-2.18.4.jar;C:\Users\nicha\.m2\repository\com\fasterxml\jackson\datatype\jackson-datatype-jsr310\2.18.4\jackson-datatype-jsr310-2.18.4.jar;C:\Users\nicha\.m2\repository\com\fasterxml\jackson\module\jackson-module-parameter-names\2.18.4\jackson-module-parameter-names-2.18.4.jar;C:\Users\nicha\.m2\repository\org\springframework\boot\spring-boot-starter-tomcat\3.4.8\spring-boot-starter-tomcat-3.4.8.jar;C:\Users\nicha\.m2\repository\org\apache\tomcat\embed\tomcat-embed-core\10.1.43\tomcat-embed-core-10.1.43.jar;C:\Users\nicha\.m2\repository\org\apache\tomcat\embed\tomcat-embed-el\10.1.43\tomcat-embed-el-10.1.43.jar;C:\Users\nicha\.m2\repository\org\apache\tomcat\embed\tomcat-embed-websocket\10.1.43\tomcat-embed-websocket-10.1.43.jar;C:\Users\nicha\.m2\repository\org\springframework\spring-web\6.2.9\spring-web-6.2.9.jar;C:\Users\nicha\.m2\repository\org\springframework\spring-beans\6.2.9\spring-beans-6.2.9.jar;C:\Users\nicha\.m2\repository\io\micrometer\micrometer-observation\1.14.9\micrometer-observation-1.14.9.jar;C:\Users\nicha\.m2\repository\io\micrometer\micrometer-commons\1.14.9\micrometer-commons-1.14.9.jar;C:\Users\nicha\.m2\repository\org\springframework\spring-webmvc\6.2.9\spring-webmvc-6.2.9.jar;C:\Users\nicha\.m2\repository\org\springframework\spring-aop\6.2.9\spring-aop-6.2.9.jar;C:\Users\nicha\.m2\repository\org\springframework\spring-context\6.2.9\spring-context-6.2.9.jar;C:\Users\nicha\.m2\repository\org\springframework\spring-expression\6.2.9\spring-expression-6.2.9.jar;C:\Users\nicha\.m2\repository\com\fasterxml\jackson\module\jackson-module-kotlin\2.18.4\jackson-module-kotlin-2.18.4.jar;C:\Users\nicha\.m2\repository\com\fasterxml\jackson\core\jackson-databind\2.18.4\jackson-databind-2.18.4.jar;C:\Users\nicha\.m2\repository\com\fasterxml\jackson\core\jackson-core\2.18.4.1\jackson-core-2.18.4.1.jar;C:\Users\nicha\.m2\repository\com\fasterxml\jackson\core\jackson-annotations\2.18.4\jackson-annotations-2.18.4.jar;C:\Users\nicha\.m2\repository\org\jetbrains\kotlin\kotlin-reflect\1.9.25\kotlin-reflect-1.9.25.jar;C:\Users\nicha\.m2\repository\org\jetbrains\kotlin\kotlin-stdlib\1.9.25\kotlin-stdlib-1.9.25.jar;C:\Users\nicha\.m2\repository\org\jetbrains\annotations\13.0\annotations-13.0.jar;C:\Users\nicha\.m2\repository\io\jsonwebtoken\jjwt-api\0.11.5\jjwt-api-0.11.5.jar;C:\Users\nicha\.m2\repository\io\jsonwebtoken\jjwt-impl\0.11.5\jjwt-impl-0.11.5.jar;C:\Users\nicha\.m2\repository\io\jsonwebtoken\jjwt-jackson\0.11.5\jjwt-jackson-0.11.5.jar;C:\Users\nicha\.m2\repository\com\mysql\mysql-connector-j\9.3.0\mysql-connector-j-9.3.0.jar;C:\Users\nicha\.m2\repository\org\slf4j\slf4j-api\2.0.17\slf4j-api-2.0.17.jar;C:\Users\nicha\.m2\repository\org\springframework\spring-core\6.2.9\spring-core-6.2.9.jar;C:\Users\nicha\.m2\repository\org\springframework\spring-jcl\6.2.9\spring-jcl-6.2.9.jar;C:\Users\nicha\.m2\repository\org\springframework\boot\spring-boot-starter-jdbc\3.4.8\spring-boot-starter-jdbc-3.4.8.jar;C:\Users\nicha\.m2\repository\com\zaxxer\HikariCP\5.1.0\HikariCP-5.1.0.jar;C:\Users\nicha\.m2\repository\org\springframework\spring-jdbc\6.2.9\spring-jdbc-6.2.9.jar;C:\Users\nicha\.m2\repository\org\springframework\spring-tx\6.2.9\spring-tx-6.2.9.jar;C:\Users\nicha\.m2\repository\org\postgresql\postgresql\42.2.23\postgresql-42.2.23.jar;C:\Users\nicha\.m2\repository\org\checkerframework\checker-qual\3.5.0\checker-qual-3.5.0.jar
Launcher Type: SUN_STANDARD

[Global flags]
     intx CICompilerCount                          = 3                                         {product} {ergonomic}
     uint ConcGCThreads                            = 1                                         {product} {ergonomic}
     uint G1ConcRefinementThreads                  = 4                                         {product} {ergonomic}
   size_t G1HeapRegionSize                         = 1048576                                   {product} {ergonomic}
   size_t InitialHeapSize                          = 130023424                                 {product} {ergonomic}
   size_t MarkStackSize                            = 4194304                                   {product} {ergonomic}
   size_t MarkStackSizeMax                         = 536870912                                 {product} {ergonomic}
   size_t MaxHeapSize                              = 2067791872                                {product} {ergonomic}
   size_t MaxNewSize                               = 1240465408                                {product} {ergonomic}
   size_t MinHeapDeltaBytes                        = 1048576                                   {product} {ergonomic}
   size_t MinHeapSize                              = 8388608                                   {product} {ergonomic}
    uintx NonNMethodCodeHeapSize                   = 5832704                                {pd product} {ergonomic}
    uintx NonProfiledCodeHeapSize                  = 122945536                              {pd product} {ergonomic}
    uintx ProfiledCodeHeapSize                     = 122880000                              {pd product} {ergonomic}
    uintx ReservedCodeCacheSize                    = 251658240                              {pd product} {ergonomic}
     bool SegmentedCodeCache                       = true                                      {product} {ergonomic}
   size_t SoftMaxHeapSize                          = 2067791872                             {manageable} {ergonomic}
     bool UseCompressedOops                        = true                           {product lp64_product} {ergonomic}
     bool UseG1GC                                  = true                                      {product} {ergonomic}
     bool UseLargePagesIndividualAllocation        = false                                  {pd product} {ergonomic}

Logging:
Log output configuration:
 #0: stdout all=warning uptime,level,tags foldmultilines=false
 #1: stderr all=off uptime,level,tags foldmultilines=false

Environment Variables:
PATH=C:\Program Files\Common Files\Oracle\Java\javapath;C:\WINDOWS\system32;C:\WINDOWS;C:\WINDOWS\System32\Wbem;C:\WINDOWS\System32\WindowsPowerShell\v1.0\;C:\WINDOWS\System32\OpenSSH\;C:\xampp\php;C:\ProgramData\ComposerSetup\bin;C:\Program Files\Git\cmd;C:\Program Files\nodejs\;C:\Users\nicha\AppData\Local\Microsoft\WindowsApps;C:\Users\nicha\AppData\Local\Programs\Microsoft VS Code\bin;C:\Users\nicha\AppData\Roaming\Composer\vendor\bin;C:\Users\nicha\AppData\Roaming\npm;C:\Program Files\JetBrains\IntelliJ IDEA Community Edition 2024.3.4.1\bin;
USERNAME=nicha
OS=Windows_NT
PROCESSOR_IDENTIFIER=Intel64 Family 6 Model 140 Stepping 1, GenuineIntel
TMP=C:\Users\nicha\AppData\Local\Temp
TEMP=C:\Users\nicha\AppData\Local\Temp




Periodic native trim disabled

---------------  S Y S T E M  ---------------

OS:
 Windows 11 , 64 bit Build 26100 (10.0.26100.5074)
OS uptime: 1 days 23:37 hours
Hyper-V role detected

CPU: total 4 (initial active 4) (2 cores per cpu, 2 threads per core) family 6 model 140 stepping 1 microcode 0xa4, cx8, cmov, fxsr, ht, mmx, 3dnowpref, sse, sse2, sse3, ssse3, sse4.1, sse4.2, popcnt, lzcnt, tsc, tscinvbit, avx, avx2, aes, erms, clmul, bmi1, bmi2, adx, avx512f, avx512dq, avx512cd, avx512bw, avx512vl, sha, fma, vzeroupper, avx512_vpopcntdq, avx512_vpclmulqdq, avx512_vaes, avx512_vnni, clflush, clflushopt, clwb, avx512_vbmi2, avx512_vbmi, hv, rdtscp, rdpid, fsrm, gfni, avx512_bitalg, f16c, cet_ibt, cet_ss, avx512_ifma
Processor Information for the first 4 processors :
  Max Mhz: 2995, Current Mhz: 2995, Mhz Limit: 2995

Memory: 4k page, system-wide physical 7886M (69M free)
TotalPageFile size 32462M (AvailPageFile size 36M)
current process WorkingSet (physical memory assigned to process): 36M, peak: 187M
current process commit charge ("private bytes"): 190M, peak: 249M

vm_info: OpenJDK 64-Bit Server VM (24.0.2+12-54) for windows-amd64 JRE (24.0.2+12-54), built on 2025-07-08T12:10:27Z with MS VC++ 17.6 (VS2022)

END.
